# JRE version: Java(TM) SE Runtime Environment (8.0_151-b12) (build 1.8.0_151-b12)
# Java VM: Java HotSpot(TM) 64-Bit Server VM (25.151-b12 mixed mode bsd-amd64 compressed oops)
Heap:
 PSYoungGen      total 117248K, used 95767K [0x00000007aab00000, 0x00000007b2d80000, 0x00000007c0000000)
  eden space 107008K, 81% used [0x00000007aab00000,0x00000007affd2038,0x00000007b1380000)
  from space 10240K, 87% used [0x00000007b2380000,0x00000007b2c33fa0,0x00000007b2d80000)
  to   space 13312K, 0% used [0x00000007b1380000,0x00000007b1380000,0x00000007b2080000)
 ParOldGen       total 56320K, used 24350K [0x0000000780000000, 0x0000000783700000, 0x00000007aab00000)
  object space 56320K, 43% used [0x0000000780000000,0x00000007817c7910,0x0000000783700000)
 Metaspace       used 28241K, capacity 28864K, committed 29104K, reserved 1075200K
  class space    used 3413K, capacity 3685K, committed 3760K, reserved 1048576K
GC Heap History (10 events):
Event: 2.415 GC heap before
{Heap before GC invocations=7 (full 1):
 PSYoungGen      total 75264K, used 6285K [0x00000007aab00000, 0x00000007aff00000, 0x00000007c0000000)
  eden space 65536K, 0% used [0x00000007aab00000,0x00000007aab00000,0x00000007aeb00000)
  from space 9728K, 64% used [0x00000007af580000,0x00000007afba3420,0x00000007aff00000)
  to   space 10240K, 0% used [0x00000007aeb00000,0x00000007aeb00000,0x00000007af500000)
 ParOldGen       total 44032K, used 18477K [0x0000000780000000, 0x0000000782b00000, 0x00000007aab00000)
  object space 44032K, 41% used [0x0000000780000000,0x000000078120b550,0x0000000782b00000)
 Metaspace       used 20799K, capacity 21256K, committed 21296K, reserved 1069056K
  class space    used 2426K, capacity 2606K, committed 2608K, reserved 1048576K
Event: 2.483 GC heap after
Heap after GC invocations=7 (full 1):
 PSYoungGen      total 75264K, used 0K [0x00000007aab00000, 0x00000007aff00000, 0x00000007c0000000)
  eden space 65536K, 0% used [0x00000007aab00000,0x00000007aab00000,0x00000007aeb00000)
  from space 9728K, 0% used [0x00000007af580000,0x00000007af580000,0x00000007aff00000)
  to   space 10240K, 0% used [0x00000007aeb00000,0x00000007aeb00000,0x00000007af500000)
 ParOldGen       total 56320K, used 20919K [0x0000000780000000, 0x0000000783700000, 0x00000007aab00000)
  object space 56320K, 37% used [0x0000000780000000,0x000000078146dde8,0x0000000783700000)
 Metaspace       used 20799K, capacity 21256K, committed 21296K, reserved 1069056K
  class space    used 2426K, capacity 2606K, committed 2608K, reserved 1048576K
}
Event: 2.968 GC heap before
{Heap before GC invocations=8 (full 1):
 PSYoungGen      total 75264K, used 65536K [0x00000007aab00000, 0x00000007aff00000, 0x00000007c0000000)
  eden space 65536K, 100% used [0x00000007aab00000,0x00000007aeb00000,0x00000007aeb00000)
  from space 9728K, 0% used [0x00000007af580000,0x00000007af580000,0x00000007aff00000)
  to   space 10240K, 0% used [0x00000007aeb00000,0x00000007aeb00000,0x00000007af500000)
 ParOldGen       total 56320K, used 20919K [0x0000000780000000, 0x0000000783700000, 0x00000007aab00000)
  object space 56320K, 37% used [0x0000000780000000,0x000000078146dde8,0x0000000783700000)
 Metaspace       used 21637K, capacity 22140K, committed 22192K, reserved 1069056K
  class space    used 2513K, capacity 2706K, committed 2736K, reserved 1048576K
Event: 2.972 GC heap after
Heap after GC invocations=8 (full 1):
 PSYoungGen      total 75776K, used 3564K [0x00000007aab00000, 0x00000007b1580000, 0x00000007c0000000)
  eden space 65536K, 0% used [0x00000007aab00000,0x00000007aab00000,0x00000007aeb00000)
  from space 10240K, 34% used [0x00000007aeb00000,0x00000007aee7b0b8,0x00000007af500000)
  to   space 10240K, 0% used [0x00000007b0b80000,0x00000007b0b80000,0x00000007b1580000)
 ParOldGen       total 56320K, used 20927K [0x0000000780000000, 0x0000000783700000, 0x00000007aab00000)
  object space 56320K, 37% used [0x0000000780000000,0x000000078146fde8,0x0000000783700000)
 Metaspace       used 21637K, capacity 22140K, committed 22192K, reserved 1069056K
  class space    used 2513K, capacity 2706K, committed 2736K, reserved 1048576K
}
Event: 3.178 GC heap before
{Heap before GC invocations=9 (full 1):
 PSYoungGen      total 75776K, used 69100K [0x00000007aab00000, 0x00000007b1580000, 0x00000007c0000000)
  eden space 65536K, 100% used [0x00000007aab00000,0x00000007aeb00000,0x00000007aeb00000)
  from space 10240K, 34% used [0x00000007aeb00000,0x00000007aee7b0b8,0x00000007af500000)
  to   space 10240K, 0% used [0x00000007b0b80000,0x00000007b0b80000,0x00000007b1580000)
 ParOldGen       total 56320K, used 20927K [0x0000000780000000, 0x0000000783700000, 0x00000007aab00000)
  object space 56320K, 37% used [0x0000000780000000,0x000000078146fde8,0x0000000783700000)
 Metaspace       used 21655K, capacity 22140K, committed 22192K, reserved 1069056K
  class space    used 2513K, capacity 2706K, committed 2736K, reserved 1048576K
Event: 3.182 GC heap after
Heap after GC invocations=9 (full 1):
 PSYoungGen      total 98816K, used 3849K [0x00000007aab00000, 0x00000007b1680000, 0x00000007c0000000)
  eden space 88576K, 0% used [0x00000007aab00000,0x00000007aab00000,0x00000007b0180000)
  from space 10240K, 37% used [0x00000007b0b80000,0x00000007b0f42778,0x00000007b1580000)
  to   space 10240K, 0% used [0x00000007b0180000,0x00000007b0180000,0x00000007b0b80000)
 ParOldGen       total 56320K, used 20935K [0x0000000780000000, 0x0000000783700000, 0x00000007aab00000)
  object space 56320K, 37% used [0x0000000780000000,0x0000000781471de8,0x0000000783700000)
 Metaspace       used 21655K, capacity 22140K, committed 22192K, reserved 1069056K
  class space    used 2513K, capacity 2706K, committed 2736K, reserved 1048576K
}
Event: 3.638 GC heap before
{Heap before GC invocations=10 (full 1):
 PSYoungGen      total 98816K, used 92425K [0x00000007aab00000, 0x00000007b1680000, 0x00000007c0000000)
  eden space 88576K, 100% used [0x00000007aab00000,0x00000007b0180000,0x00000007b0180000)
  from space 10240K, 37% used [0x00000007b0b80000,0x00000007b0f42778,0x00000007b1580000)
  to   space 10240K, 0% used [0x00000007b0180000,0x00000007b0180000,0x00000007b0b80000)
 ParOldGen       total 56320K, used 20935K [0x0000000780000000, 0x0000000783700000, 0x00000007aab00000)
  object space 56320K, 37% used [0x0000000780000000,0x0000000781471de8,0x0000000783700000)
 Metaspace       used 21674K, capacity 22204K, committed 22448K, reserved 1069056K
  class space    used 2514K, capacity 2706K, committed 2736K, reserved 1048576K
Event: 3.652 GC heap after
Heap after GC invocations=10 (full 1):
 PSYoungGen      total 98816K, used 10235K [0x00000007aab00000, 0x00000007b3000000, 0x00000007c0000000)
  eden space 88576K, 0% used [0x00000007aab00000,0x00000007aab00000,0x00000007b0180000)
  from space 10240K, 99% used [0x00000007b0180000,0x00000007b0b7ede8,0x00000007b0b80000)
  to   space 12800K, 0% used [0x00000007b2380000,0x00000007b2380000,0x00000007b3000000)
 ParOldGen       total 56320K, used 24342K [0x0000000780000000, 0x0000000783700000, 0x00000007aab00000)
  object space 56320K, 43% used [0x0000000780000000,0x00000007817c5910,0x0000000783700000)
 Metaspace       used 21674K, capacity 22204K, committed 22448K, reserved 1069056K
  class space    used 2514K, capacity 2706K, committed 2736K, reserved 1048576K
}
Event: 8.082 GC heap before
{Heap before GC invocations=11 (full 1):
 PSYoungGen      total 98816K, used 98811K [0x00000007aab00000, 0x00000007b3000000, 0x00000007c0000000)
  eden space 88576K, 100% used [0x00000007aab00000,0x00000007b0180000,0x00000007b0180000)
  from space 10240K, 99% used [0x00000007b0180000,0x00000007b0b7ede8,0x00000007b0b80000)
  to   space 12800K, 0% used [0x00000007b2380000,0x00000007b2380000,0x00000007b3000000)
 ParOldGen       total 56320K, used 24342K [0x0000000780000000, 0x0000000783700000, 0x00000007aab00000)
  object space 56320K, 43% used [0x0000000780000000,0x00000007817c5910,0x0000000783700000)
 Metaspace       used 24706K, capacity 25256K, committed 25520K, reserved 1071104K
  class space    used 2914K, capacity 3138K, committed 3248K, reserved 1048576K
Event: 8.088 GC heap after
Heap after GC invocations=11 (full 1):
 PSYoungGen      total 117248K, used 8911K [0x00000007aab00000, 0x00000007b2d80000, 0x00000007c0000000)
  eden space 107008K, 0% used [0x00000007aab00000,0x00000007aab00000,0x00000007b1380000)
  from space 10240K, 87% used [0x00000007b2380000,0x00000007b2c33fa0,0x00000007b2d80000)
  to   space 13312K, 0% used [0x00000007b1380000,0x00000007b1380000,0x00000007b2080000)
 ParOldGen       total 56320K, used 24350K [0x0000000780000000, 0x0000000783700000, 0x00000007aab00000)
  object space 56320K, 43% used [0x0000000780000000,0x00000007817c7910,0x0000000783700000)
 Metaspace       used 24706K, capacity 25256K, committed 25520K, reserved 1071104K
  class space    used 2914K, capacity 3138K, committed 3248K, reserved 1048576K
}

